<?xml version="1.0"?>
<!DOCTYPE coverage SYSTEM "http://cobertura.sourceforge.net/xml/coverage-04.dtd">
<coverage 
line-rate="0.73" lines-valid="230" lines-covered="167" branches-valid="20" branches-covered="12" branch-rate="0.60" complexity="0" version="1.0" timestamp="1582868450651">
    <sources>
        <source>--source</source>
        <source>/var/lib/jenkins/workspace/scoverage/src/main/scala</source>
    </sources>
    <packages>
        <package name="com.sksamuel.scoverage.samples" line-rate="0.73" branch-rate="0.60" complexity="0">
            <classes>
                <class 
                name="com.sksamuel.scoverage.samples.PriceEngine" filename="com/sksamuel/scoverage/samples/PriceEngine.scala" line-rate="1.00" branch-rate="1.00" complexity="0">
                    <methods>
                        <method 
                        name="com.sksamuel.scoverage.samples/PriceEngine/receive" signature="()V" line-rate="1.00" branch-rate="1.00" complexity="0">
                            <lines>
                                <line number="20" hits="1" branch="false"/>
                                <line number="22" hits="1" branch="false"/>
                                <line number="19" hits="1" branch="false"/>
                                <line number="20" hits="1" branch="false"/>
                                <line number="20" hits="1" branch="false"/>
                                <line number="21" hits="1" branch="false"/>
                                <line number="20" hits="1" branch="false"/>
                                <line number="20" hits="1" branch="false"/>
                                <line number="17" hits="1" branch="false"/>
                                <line number="20" hits="1" branch="false"/>
                                <line number="25" hits="1" branch="false"/>
                            </lines>
</method>
                        <method 
                        name="com.sksamuel.scoverage.samples/PriceEngine/stop" signature="()V" line-rate="1.00" branch-rate="1.00" complexity="0">
                            <lines>
                                <line number="30" hits="1" branch="false"/>
                                <line number="29" hits="1" branch="false"/>
                                <line number="29" hits="1" branch="false"/>
                                <line number="30" hits="1" branch="false"/>
                                <line number="30" hits="1" branch="false"/>
                                <line number="29" hits="1" branch="false"/>
                            </lines>
</method>
                        <method 
                        name="com.sksamuel.scoverage.samples/PriceEngine/preStart" signature="()V" line-rate="1.00" branch-rate="1.00" complexity="0">
                            <lines>
                                <line number="34" hits="1" branch="false"/>
                                <line number="34" hits="1" branch="false"/>
                                <line number="34" hits="1" branch="false"/>
                            </lines>
</method>
                    </methods>
                    <lines>
                        <line number="20" hits="1" branch="false"/>
                        <line number="30" hits="1" branch="false"/>
                        <line number="22" hits="1" branch="false"/>
                        <line number="29" hits="1" branch="false"/>
                        <line number="19" hits="1" branch="false"/>
                        <line number="20" hits="1" branch="false"/>
                        <line number="34" hits="1" branch="false"/>
                        <line number="20" hits="1" branch="false"/>
                        <line number="29" hits="1" branch="false"/>
                        <line number="21" hits="1" branch="false"/>
                        <line number="30" hits="1" branch="false"/>
                        <line number="30" hits="1" branch="false"/>
                        <line number="20" hits="1" branch="false"/>
                        <line number="29" hits="1" branch="false"/>
                        <line number="20" hits="1" branch="false"/>
                        <line number="17" hits="1" branch="false"/>
                        <line number="34" hits="1" branch="false"/>
                        <line number="20" hits="1" branch="false"/>
                        <line number="34" hits="1" branch="false"/>
                        <line number="25" hits="1" branch="false"/>
                    </lines>
</class>
                <class 
                name="com.sksamuel.scoverage.samples.QuoteCache" filename="com/sksamuel/scoverage/samples/QuoteCache.scala" line-rate="1.00" branch-rate="1.00" complexity="0">
                    <methods>
                        <method 
                        name="com.sksamuel.scoverage.samples/QuoteCache/&lt;none&gt;" signature="()V" line-rate="1.00" branch-rate="1.00" complexity="0">
                            <lines>
                                <line number="12" hits="1" branch="false"/>
                                <line number="11" hits="1" branch="false"/>
                                <line number="9" hits="1" branch="false"/>
                                <line number="12" hits="1" branch="false"/>
                                <line number="12" hits="1" branch="false"/>
                            </lines>
</method>
                        <method 
                        name="com.sksamuel.scoverage.samples/QuoteCache/preStart" signature="()V" line-rate="1.00" branch-rate="1.00" complexity="0">
                            <lines>
                                <line number="16" hits="1" branch="false"/>
                                <line number="16" hits="1" branch="false"/>
                                <line number="16" hits="1" branch="false"/>
                                <line number="16" hits="1" branch="false"/>
                            </lines>
</method>
                    </methods>
                    <lines>
                        <line number="12" hits="1" branch="false"/>
                        <line number="11" hits="1" branch="false"/>
                        <line number="16" hits="1" branch="false"/>
                        <line number="9" hits="1" branch="false"/>
                        <line number="12" hits="1" branch="false"/>
                        <line number="12" hits="1" branch="false"/>
                        <line number="16" hits="1" branch="false"/>
                        <line number="16" hits="1" branch="false"/>
                        <line number="16" hits="1" branch="false"/>
                    </lines>
</class>
                <class 
                name="com.sksamuel.scoverage.samples.Platform" filename="com/sksamuel/scoverage/samples/Platform.scala" line-rate="0.00" branch-rate="0.00" complexity="0">
                    <methods>
                        <method 
                        name="com.sksamuel.scoverage.samples/Platform/&lt;none&gt;" signature="()V" line-rate="0.00" branch-rate="0.00" complexity="0">
                            <lines>
                                <line number="11" hits="0" branch="false"/>
                                <line number="14" hits="0" branch="false"/>
                                <line number="14" hits="0" branch="false"/>
                                <line number="12" hits="0" branch="false"/>
                                <line number="14" hits="0" branch="false"/>
                                <line number="10" hits="0" branch="false"/>
                                <line number="12" hits="0" branch="false"/>
                                <line number="14" hits="0" branch="false"/>
                                <line number="10" hits="0" branch="false"/>
                                <line number="10" hits="0" branch="false"/>
                                <line number="14" hits="0" branch="false"/>
                                <line number="14" hits="0" branch="false"/>
                                <line number="12" hits="0" branch="false"/>
                                <line number="14" hits="0" branch="false"/>
                                <line number="11" hits="0" branch="false"/>
                                <line number="14" hits="0" branch="false"/>
                                <line number="8" hits="0" branch="false"/>
                                <line number="12" hits="0" branch="false"/>
                                <line number="14" hits="0" branch="false"/>
                                <line number="10" hits="0" branch="false"/>
                            </lines>
</method>
                    </methods>
                    <lines>
                        <line number="11" hits="0" branch="false"/>
                        <line number="14" hits="0" branch="false"/>
                        <line number="14" hits="0" branch="false"/>
                        <line number="12" hits="0" branch="false"/>
                        <line number="14" hits="0" branch="false"/>
                        <line number="10" hits="0" branch="false"/>
                        <line number="12" hits="0" branch="false"/>
                        <line number="14" hits="0" branch="false"/>
                        <line number="10" hits="0" branch="false"/>
                        <line number="10" hits="0" branch="false"/>
                        <line number="14" hits="0" branch="false"/>
                        <line number="14" hits="0" branch="false"/>
                        <line number="12" hits="0" branch="false"/>
                        <line number="14" hits="0" branch="false"/>
                        <line number="11" hits="0" branch="false"/>
                        <line number="14" hits="0" branch="false"/>
                        <line number="8" hits="0" branch="false"/>
                        <line number="12" hits="0" branch="false"/>
                        <line number="14" hits="0" branch="false"/>
                        <line number="10" hits="0" branch="false"/>
                    </lines>
</class>
                <class 
                name="com.sksamuel.scoverage.samples.CreditEngine" filename="com/sksamuel/scoverage/samples/CreditEngine.scala" line-rate="0.92" branch-rate="0.75" complexity="0">
                    <methods>
                        <method 
                        name="com.sksamuel.scoverage.samples/CreditEngine/&lt;none&gt;" signature="()V" line-rate="1.00" branch-rate="1.00" complexity="0">
                            <lines>
                                <line number="7" hits="1" branch="false"/>
                            </lines>
</method>
                        <method 
                        name="com.sksamuel.scoverage.samples/CreditEngine/receive" signature="()V" line-rate="0.92" branch-rate="0.75" complexity="0">
                            <lines>
                                <line number="12" hits="1" branch="false"/>
                                <line number="13" hits="1" branch="false"/>
                                <line number="14" hits="1" branch="false"/>
                                <line number="12" hits="1" branch="false"/>
                                <line number="13" hits="1" branch="false"/>
                                <line number="12" hits="1" branch="false"/>
                                <line number="12" hits="1" branch="false"/>
                                <line number="15" hits="0" branch="false"/>
                                <line number="11" hits="1" branch="false"/>
                                <line number="14" hits="1" branch="false"/>
                                <line number="12" hits="1" branch="false"/>
                                <line number="14" hits="1" branch="false"/>
                                <line number="13" hits="1" branch="false"/>
                                <line number="12" hits="1" branch="false"/>
                                <line number="12" hits="1" branch="false"/>
                                <line number="13" hits="1" branch="false"/>
                                <line number="13" hits="1" branch="false"/>
                                <line number="9" hits="1" branch="false"/>
                                <line number="13" hits="1" branch="false"/>
                                <line number="12" hits="1" branch="false"/>
                                <line number="12" hits="1" branch="false"/>
                                <line number="13" hits="1" branch="false"/>
                                <line number="15" hits="0" branch="false"/>
                                <line number="12" hits="1" branch="false"/>
                            </lines>
</method>
                    </methods>
                    <lines>
                        <line number="12" hits="1" branch="false"/>
                        <line number="13" hits="1" branch="false"/>
                        <line number="14" hits="1" branch="false"/>
                        <line number="12" hits="1" branch="false"/>
                        <line number="13" hits="1" branch="false"/>
                        <line number="12" hits="1" branch="false"/>
                        <line number="12" hits="1" branch="false"/>
                        <line number="15" hits="0" branch="false"/>
                        <line number="11" hits="1" branch="false"/>
                        <line number="14" hits="1" branch="false"/>
                        <line number="12" hits="1" branch="false"/>
                        <line number="14" hits="1" branch="false"/>
                        <line number="13" hits="1" branch="false"/>
                        <line number="12" hits="1" branch="false"/>
                        <line number="12" hits="1" branch="false"/>
                        <line number="13" hits="1" branch="false"/>
                        <line number="13" hits="1" branch="false"/>
                        <line number="9" hits="1" branch="false"/>
                        <line number="13" hits="1" branch="false"/>
                        <line number="7" hits="1" branch="false"/>
                        <line number="12" hits="1" branch="false"/>
                        <line number="12" hits="1" branch="false"/>
                        <line number="13" hits="1" branch="false"/>
                        <line number="15" hits="0" branch="false"/>
                        <line number="12" hits="1" branch="false"/>
                    </lines>
</class>
                <class 
                name="com.sksamuel.scoverage.samples.EitherMappableFuture" filename="com/sksamuel/scoverage/samples/Futures.scala" line-rate="1.00" branch-rate="1.00" complexity="0">
                    <methods>
                        <method 
                        name="com.sksamuel.scoverage.samples/EitherMappableFuture/mapEither" signature="()V" line-rate="1.00" branch-rate="1.00" complexity="0">
                            <lines>
                                <line number="35" hits="1" branch="false"/>
                            </lines>
</method>
                        <method 
                        name="com.sksamuel.scoverage.samples/EitherMappableFuture/futureToEitherMappable" signature="()V" line-rate="1.00" branch-rate="1.00" complexity="0">
                            <lines>
                                <line number="43" hits="1" branch="false"/>
                            </lines>
</method>
                    </methods>
                    <lines>
                        <line number="43" hits="1" branch="false"/>
                        <line number="35" hits="1" branch="false"/>
                    </lines>
</class>
                <class 
                name="com.sksamuel.scoverage.samples.TypeTreeObjects" filename="com/sksamuel/scoverage/samples/TypeTreeObjects.scala" line-rate="0.00" branch-rate="0.00" complexity="0">
                    <methods>
                        <method 
                        name="com.sksamuel.scoverage.samples/TypeTreeObjects/&lt;none&gt;" signature="()V" line-rate="0.00" branch-rate="0.00" complexity="0">
                            <lines>
                                <line number="8" hits="0" branch="false"/>
                                <line number="8" hits="0" branch="false"/>
                                <line number="8" hits="0" branch="false"/>
                            </lines>
</method>
                    </methods>
                    <lines>
                        <line number="8" hits="0" branch="false"/>
                        <line number="8" hits="0" branch="false"/>
                        <line number="8" hits="0" branch="false"/>
                    </lines>
</class>
                <class 
                name="com.sksamuel.scoverage.samples.SimpleObject" filename="com/sksamuel/scoverage/samples/SimpleObject.scala" line-rate="0.41" branch-rate="0.33" complexity="0">
                    <methods>
                        <method 
                        name="com.sksamuel.scoverage.samples/SimpleObject/method" signature="()V" line-rate="0.40" branch-rate="0.33" complexity="0">
                            <lines>
                                <line number="20" hits="0" branch="false"/>
                                <line number="21" hits="0" branch="false"/>
                                <line number="16" hits="1" branch="false"/>
                                <line number="16" hits="1" branch="false"/>
                                <line number="21" hits="0" branch="false"/>
                                <line number="16" hits="0" branch="false"/>
                                <line number="23" hits="0" branch="false"/>
                                <line number="19" hits="1" branch="false"/>
                                <line number="19" hits="1" branch="false"/>
                                <line number="16" hits="1" branch="false"/>
                                <line number="20" hits="0" branch="false"/>
                                <line number="16" hits="0" branch="false"/>
                                <line number="23" hits="0" branch="false"/>
                                <line number="18" hits="1" branch="false"/>
                                <line number="20" hits="0" branch="false"/>
                            </lines>
</method>
                        <method 
                        name="com.sksamuel.scoverage.samples/SimpleObject/getOtherSomething" signature="()V" line-rate="0.00" branch-rate="0.00" complexity="0">
                            <lines>
                                <line number="12" hits="0" branch="false"/>
                            </lines>
</method>
                        <method 
                        name="com.sksamuel.scoverage.samples/SimpleObject/getSomething" signature="()V" line-rate="1.00" branch-rate="1.00" complexity="0">
                            <lines>
                                <line number="10" hits="1" branch="false"/>
                            </lines>
</method>
                    </methods>
                    <lines>
                        <line number="10" hits="1" branch="false"/>
                        <line number="20" hits="0" branch="false"/>
                        <line number="21" hits="0" branch="false"/>
                        <line number="16" hits="1" branch="false"/>
                        <line number="16" hits="1" branch="false"/>
                        <line number="21" hits="0" branch="false"/>
                        <line number="16" hits="0" branch="false"/>
                        <line number="23" hits="0" branch="false"/>
                        <line number="19" hits="1" branch="false"/>
                        <line number="19" hits="1" branch="false"/>
                        <line number="16" hits="1" branch="false"/>
                        <line number="12" hits="0" branch="false"/>
                        <line number="20" hits="0" branch="false"/>
                        <line number="16" hits="0" branch="false"/>
                        <line number="23" hits="0" branch="false"/>
                        <line number="18" hits="1" branch="false"/>
                        <line number="20" hits="0" branch="false"/>
                    </lines>
</class>
                <class 
                name="com.sksamuel.scoverage.samples.SimpleObject2" filename="com/sksamuel/scoverage/samples/SimpleObject2.scala" line-rate="0.56" branch-rate="1.00" complexity="0">
                    <methods>
                        <method 
                        name="com.sksamuel.scoverage.samples/SimpleObject2/method2" signature="()V" line-rate="0.52" branch-rate="1.00" complexity="0">
                            <lines>
                                <line number="37" hits="1" branch="false"/>
                                <line number="35" hits="0" branch="false"/>
                                <line number="36" hits="0" branch="false"/>
                                <line number="38" hits="1" branch="false"/>
                                <line number="38" hits="1" branch="false"/>
                                <line number="35" hits="0" branch="false"/>
                                <line number="36" hits="0" branch="false"/>
                                <line number="35" hits="0" branch="false"/>
                                <line number="37" hits="1" branch="false"/>
                                <line number="34" hits="1" branch="false"/>
                                <line number="35" hits="0" branch="false"/>
                                <line number="37" hits="1" branch="false"/>
                                <line number="36" hits="0" branch="false"/>
                                <line number="37" hits="1" branch="false"/>
                                <line number="36" hits="0" branch="false"/>
                                <line number="38" hits="1" branch="false"/>
                                <line number="38" hits="1" branch="false"/>
                                <line number="36" hits="0" branch="false"/>
                                <line number="37" hits="1" branch="false"/>
                                <line number="38" hits="1" branch="false"/>
                                <line number="35" hits="0" branch="false"/>
                            </lines>
</method>
                        <method 
                        name="com.sksamuel.scoverage.samples/SimpleObject2/method1" signature="()V" line-rate="0.67" branch-rate="1.00" complexity="0">
                            <lines>
                                <line number="22" hits="0" branch="false"/>
                                <line number="28" hits="1" branch="false"/>
                                <line number="19" hits="0" branch="false"/>
                                <line number="25" hits="1" branch="false"/>
                                <line number="15" hits="1" branch="false"/>
                                <line number="15" hits="1" branch="false"/>
                            </lines>
</method>
                    </methods>
                    <lines>
                        <line number="37" hits="1" branch="false"/>
                        <line number="22" hits="0" branch="false"/>
                        <line number="35" hits="0" branch="false"/>
                        <line number="36" hits="0" branch="false"/>
                        <line number="38" hits="1" branch="false"/>
                        <line number="28" hits="1" branch="false"/>
                        <line number="38" hits="1" branch="false"/>
                        <line number="35" hits="0" branch="false"/>
                        <line number="36" hits="0" branch="false"/>
                        <line number="19" hits="0" branch="false"/>
                        <line number="35" hits="0" branch="false"/>
                        <line number="37" hits="1" branch="false"/>
                        <line number="34" hits="1" branch="false"/>
                        <line number="35" hits="0" branch="false"/>
                        <line number="37" hits="1" branch="false"/>
                        <line number="36" hits="0" branch="false"/>
                        <line number="37" hits="1" branch="false"/>
                        <line number="25" hits="1" branch="false"/>
                        <line number="36" hits="0" branch="false"/>
                        <line number="38" hits="1" branch="false"/>
                        <line number="15" hits="1" branch="false"/>
                        <line number="38" hits="1" branch="false"/>
                        <line number="15" hits="1" branch="false"/>
                        <line number="36" hits="0" branch="false"/>
                        <line number="37" hits="1" branch="false"/>
                        <line number="38" hits="1" branch="false"/>
                        <line number="35" hits="0" branch="false"/>
                    </lines>
</class>
                <class 
                name="com.sksamuel.scoverage.samples.OrderEngine" filename="com/sksamuel/scoverage/samples/OrderEngine.scala" line-rate="1.00" branch-rate="1.00" complexity="0">
                    <methods>
                        <method 
                        name="com.sksamuel.scoverage.samples/OrderEngine/receive" signature="()V" line-rate="1.00" branch-rate="1.00" complexity="0">
                            <lines>
                                <line number="14" hits="1" branch="false"/>
                                <line number="18" hits="1" branch="false"/>
                                <line number="22" hits="1" branch="false"/>
                                <line number="14" hits="1" branch="false"/>
                                <line number="19" hits="1" branch="false"/>
                                <line number="8" hits="1" branch="false"/>
                                <line number="12" hits="1" branch="false"/>
                                <line number="18" hits="1" branch="false"/>
                                <line number="22" hits="1" branch="false"/>
                                <line number="19" hits="1" branch="false"/>
                                <line number="18" hits="1" branch="false"/>
                                <line number="22" hits="1" branch="false"/>
                                <line number="13" hits="1" branch="false"/>
                                <line number="14" hits="1" branch="false"/>
                                <line number="19" hits="1" branch="false"/>
                                <line number="8" hits="1" branch="false"/>
                                <line number="12" hits="1" branch="false"/>
                                <line number="14" hits="1" branch="false"/>
                                <line number="19" hits="1" branch="false"/>
                                <line number="13" hits="1" branch="false"/>
                                <line number="18" hits="1" branch="false"/>
                                <line number="22" hits="1" branch="false"/>
                                <line number="14" hits="1" branch="false"/>
                                <line number="19" hits="1" branch="false"/>
                                <line number="22" hits="1" branch="false"/>
                            </lines>
</method>
                    </methods>
                    <lines>
                        <line number="14" hits="1" branch="false"/>
                        <line number="18" hits="1" branch="false"/>
                        <line number="22" hits="1" branch="false"/>
                        <line number="14" hits="1" branch="false"/>
                        <line number="19" hits="1" branch="false"/>
                        <line number="8" hits="1" branch="false"/>
                        <line number="12" hits="1" branch="false"/>
                        <line number="18" hits="1" branch="false"/>
                        <line number="22" hits="1" branch="false"/>
                        <line number="19" hits="1" branch="false"/>
                        <line number="18" hits="1" branch="false"/>
                        <line number="22" hits="1" branch="false"/>
                        <line number="13" hits="1" branch="false"/>
                        <line number="14" hits="1" branch="false"/>
                        <line number="19" hits="1" branch="false"/>
                        <line number="8" hits="1" branch="false"/>
                        <line number="12" hits="1" branch="false"/>
                        <line number="14" hits="1" branch="false"/>
                        <line number="19" hits="1" branch="false"/>
                        <line number="13" hits="1" branch="false"/>
                        <line number="18" hits="1" branch="false"/>
                        <line number="22" hits="1" branch="false"/>
                        <line number="14" hits="1" branch="false"/>
                        <line number="19" hits="1" branch="false"/>
                        <line number="22" hits="1" branch="false"/>
                    </lines>
</class>
                <class 
                name="com.sksamuel.scoverage.samples.ClientActor" filename="com/sksamuel/scoverage/samples/ClientActor.scala" line-rate="0.84" branch-rate="0.75" complexity="0">
                    <methods>
                        <method 
                        name="com.sksamuel.scoverage.samples/ClientActor/preStart" signature="()V" line-rate="1.00" branch-rate="1.00" complexity="0">
                            <lines>
                                <line number="36" hits="1" branch="false"/>
                                <line number="35" hits="1" branch="false"/>
                                <line number="35" hits="1" branch="false"/>
                                <line number="36" hits="1" branch="false"/>
                                <line number="36" hits="1" branch="false"/>
                                <line number="35" hits="1" branch="false"/>
                                <line number="35" hits="1" branch="false"/>
                                <line number="36" hits="1" branch="false"/>
                                <line number="35" hits="1" branch="false"/>
                                <line number="36" hits="1" branch="false"/>
                                <line number="36" hits="1" branch="false"/>
                                <line number="35" hits="1" branch="false"/>
                            </lines>
</method>
                        <method 
                        name="com.sksamuel.scoverage.samples/ClientActor/clientName" signature="()V" line-rate="0.00" branch-rate="0.00" complexity="0">
                            <lines>
                                <line number="16" hits="0" branch="false"/>
                            </lines>
</method>
                        <method 
                        name="com.sksamuel.scoverage.samples/ClientActor/clientName_=" signature="()V" line-rate="0.75" branch-rate="0.50" complexity="0">
                            <lines>
                                <line number="19" hits="0" branch="false"/>
                                <line number="19" hits="1" branch="false"/>
                                <line number="17" hits="1" branch="false"/>
                                <line number="19" hits="1" branch="false"/>
                                <line number="19" hits="1" branch="false"/>
                                <line number="19" hits="0" branch="false"/>
                                <line number="19" hits="1" branch="false"/>
                                <line number="18" hits="1" branch="false"/>
                            </lines>
</method>
                        <method 
                        name="com.sksamuel.scoverage.samples/ClientActor/&lt;none&gt;" signature="()V" line-rate="1.00" branch-rate="1.00" complexity="0">
                            <lines>
                                <line number="12" hits="1" branch="false"/>
                                <line number="15" hits="1" branch="false"/>
                            </lines>
</method>
                        <method 
                        name="com.sksamuel.scoverage.samples/ClientActor/receive" signature="()V" line-rate="0.80" branch-rate="1.00" complexity="0">
                            <lines>
                                <line number="25" hits="1" branch="false"/>
                                <line number="21" hits="1" branch="false"/>
                                <line number="25" hits="1" branch="false"/>
                                <line number="23" hits="1" branch="false"/>
                                <line number="28" hits="0" branch="false"/>
                                <line number="25" hits="1" branch="false"/>
                                <line number="23" hits="1" branch="false"/>
                                <line number="23" hits="1" branch="false"/>
                                <line number="25" hits="1" branch="false"/>
                                <line number="30" hits="0" branch="false"/>
                                <line number="25" hits="1" branch="false"/>
                                <line number="23" hits="1" branch="false"/>
                                <line number="25" hits="1" branch="false"/>
                                <line number="28" hits="0" branch="false"/>
                                <line number="23" hits="1" branch="false"/>
                                <line number="25" hits="1" branch="false"/>
                                <line number="25" hits="1" branch="false"/>
                                <line number="30" hits="0" branch="false"/>
                                <line number="24" hits="1" branch="false"/>
                                <line number="25" hits="1" branch="false"/>
                            </lines>
</method>
                    </methods>
                    <lines>
                        <line number="25" hits="1" branch="false"/>
                        <line number="21" hits="1" branch="false"/>
                        <line number="36" hits="1" branch="false"/>
                        <line number="35" hits="1" branch="false"/>
                        <line number="19" hits="0" branch="false"/>
                        <line number="35" hits="1" branch="false"/>
                        <line number="25" hits="1" branch="false"/>
                        <line number="23" hits="1" branch="false"/>
                        <line number="19" hits="1" branch="false"/>
                        <line number="36" hits="1" branch="false"/>
                        <line number="28" hits="0" branch="false"/>
                        <line number="25" hits="1" branch="false"/>
                        <line number="12" hits="1" branch="false"/>
                        <line number="17" hits="1" branch="false"/>
                        <line number="23" hits="1" branch="false"/>
                        <line number="36" hits="1" branch="false"/>
                        <line number="16" hits="0" branch="false"/>
                        <line number="23" hits="1" branch="false"/>
                        <line number="25" hits="1" branch="false"/>
                        <line number="30" hits="0" branch="false"/>
                        <line number="25" hits="1" branch="false"/>
                        <line number="19" hits="1" branch="false"/>
                        <line number="35" hits="1" branch="false"/>
                        <line number="23" hits="1" branch="false"/>
                        <line number="35" hits="1" branch="false"/>
                        <line number="19" hits="1" branch="false"/>
                        <line number="36" hits="1" branch="false"/>
                        <line number="25" hits="1" branch="false"/>
                        <line number="28" hits="0" branch="false"/>
                        <line number="23" hits="1" branch="false"/>
                        <line number="35" hits="1" branch="false"/>
                        <line number="19" hits="0" branch="false"/>
                        <line number="25" hits="1" branch="false"/>
                        <line number="25" hits="1" branch="false"/>
                        <line number="15" hits="1" branch="false"/>
                        <line number="19" hits="1" branch="false"/>
                        <line number="30" hits="0" branch="false"/>
                        <line number="36" hits="1" branch="false"/>
                        <line number="24" hits="1" branch="false"/>
                        <line number="36" hits="1" branch="false"/>
                        <line number="25" hits="1" branch="false"/>
                        <line number="35" hits="1" branch="false"/>
                        <line number="18" hits="1" branch="false"/>
                    </lines>
</class>
                <class 
                name="com.sksamuel.scoverage.samples.RandomQuoteGenerator" filename="com/sksamuel/scoverage/samples/QuoteGenerator.scala" line-rate="0.74" branch-rate="0.50" complexity="0">
                    <methods>
                        <method 
                        name="com.sksamuel.scoverage.samples/RandomQuoteGenerator/generate" signature="()V" line-rate="0.88" branch-rate="0.50" complexity="0">
                            <lines>
                                <line number="31" hits="0" branch="false"/>
                                <line number="31" hits="1" branch="false"/>
                                <line number="24" hits="1" branch="false"/>
                                <line number="31" hits="1" branch="false"/>
                                <line number="23" hits="1" branch="false"/>
                                <line number="24" hits="1" branch="false"/>
                                <line number="32" hits="1" branch="false"/>
                                <line number="29" hits="1" branch="false"/>
                                <line number="31" hits="1" branch="false"/>
                                <line number="33" hits="1" branch="false"/>
                                <line number="31" hits="0" branch="false"/>
                                <line number="26" hits="1" branch="false"/>
                                <line number="32" hits="1" branch="false"/>
                                <line number="30" hits="1" branch="false"/>
                                <line number="33" hits="1" branch="false"/>
                                <line number="23" hits="1" branch="false"/>
                            </lines>
</method>
                        <method 
                        name="com.sksamuel.scoverage.samples/RandomQuoteGenerator/&lt;init&gt;" signature="()V" line-rate="0.00" branch-rate="0.00" complexity="0">
                            <lines>
                                <line number="15" hits="0" branch="false"/>
                                <line number="14" hits="0" branch="false"/>
                                <line number="13" hits="0" branch="false"/>
                            </lines>
</method>
                    </methods>
                    <lines>
                        <line number="31" hits="0" branch="false"/>
                        <line number="15" hits="0" branch="false"/>
                        <line number="31" hits="1" branch="false"/>
                        <line number="24" hits="1" branch="false"/>
                        <line number="31" hits="1" branch="false"/>
                        <line number="23" hits="1" branch="false"/>
                        <line number="24" hits="1" branch="false"/>
                        <line number="32" hits="1" branch="false"/>
                        <line number="29" hits="1" branch="false"/>
                        <line number="14" hits="0" branch="false"/>
                        <line number="31" hits="1" branch="false"/>
                        <line number="33" hits="1" branch="false"/>
                        <line number="31" hits="0" branch="false"/>
                        <line number="13" hits="0" branch="false"/>
                        <line number="26" hits="1" branch="false"/>
                        <line number="32" hits="1" branch="false"/>
                        <line number="30" hits="1" branch="false"/>
                        <line number="33" hits="1" branch="false"/>
                        <line number="23" hits="1" branch="false"/>
                    </lines>
</class>
                <class 
                name="com.sksamuel.scoverage.samples.Charmax" filename="com/sksamuel/scoverage/samples/Charmax.scala" line-rate="1.00" branch-rate="1.00" complexity="0">
                    <methods>
                        <method 
                        name="com.sksamuel.scoverage.samples/Charmax/foo" signature="()V" line-rate="1.00" branch-rate="1.00" complexity="0">
                            <lines>
                                <line number="4" hits="1" branch="false"/>
                            </lines>
</method>
                    </methods>
                    <lines>
                        <line number="4" hits="1" branch="false"/>
                    </lines>
</class>
                <class 
                name="com.sksamuel.scoverage.samples.InstrumentLoader" filename="com/sksamuel/scoverage/samples/InstrumentLoader.scala" line-rate="0.75" branch-rate="0.50" complexity="0">
                    <methods>
                        <method 
                        name="com.sksamuel.scoverage.samples/InstrumentLoader/&lt;none&gt;" signature="()V" line-rate="0.67" branch-rate="0.50" complexity="0">
                            <lines>
                                <line number="12" hits="1" branch="false"/>
                                <line number="15" hits="1" branch="false"/>
                                <line number="12" hits="1" branch="false"/>
                                <line number="12" hits="0" branch="false"/>
                                <line number="12" hits="1" branch="false"/>
                                <line number="12" hits="0" branch="false"/>
                            </lines>
</method>
                        <method 
                        name="com.sksamuel.scoverage.samples/InstrumentLoader/randomInstrument" signature="()V" line-rate="1.00" branch-rate="1.00" complexity="0">
                            <lines>
                                <line number="17" hits="1" branch="false"/>
                                <line number="17" hits="1" branch="false"/>
                            </lines>
</method>
                    </methods>
                    <lines>
                        <line number="12" hits="1" branch="false"/>
                        <line number="15" hits="1" branch="false"/>
                        <line number="12" hits="1" branch="false"/>
                        <line number="12" hits="0" branch="false"/>
                        <line number="17" hits="1" branch="false"/>
                        <line number="17" hits="1" branch="false"/>
                        <line number="12" hits="1" branch="false"/>
                        <line number="12" hits="0" branch="false"/>
                    </lines>
</class>
                <class 
                name="com.sksamuel.scoverage.samples.DefaultArgumentsObject" filename="com/sksamuel/scoverage/samples/DefaultArgumentsObject.scala" line-rate="1.00" branch-rate="1.00" complexity="0">
                    <methods>
                        <method 
                        name="com.sksamuel.scoverage.samples/DefaultArgumentsObject/makeGreeting" signature="()V" line-rate="1.00" branch-rate="1.00" complexity="0">
                            <lines>
                                <line number="13" hits="1" branch="false"/>
                            </lines>
</method>
                        <method 
                        name="com.sksamuel.scoverage.samples/DefaultArgumentsObject/&lt;none&gt;" signature="()V" line-rate="1.00" branch-rate="1.00" complexity="0">
                            <lines>
                                <line number="10" hits="1" branch="false"/>
                            </lines>
</method>
                    </methods>
                    <lines>
                        <line number="13" hits="1" branch="false"/>
                        <line number="10" hits="1" branch="false"/>
                    </lines>
</class>
                <class 
                name="com.sksamuel.scoverage.samples.Futures" filename="com/sksamuel/scoverage/samples/Futures.scala" line-rate="0.86" branch-rate="1.00" complexity="0">
                    <methods>
                        <method 
                        name="com.sksamuel.scoverage.samples/Futures/check" signature="()V" line-rate="1.00" branch-rate="1.00" complexity="0">
                            <lines>
                                <line number="21" hits="1" branch="false"/>
                            </lines>
</method>
                        <method 
                        name="com.sksamuel.scoverage.samples/Futures/meaningful" signature="()V" line-rate="0.67" branch-rate="1.00" complexity="0">
                            <lines>
                                <line number="25" hits="0" branch="false"/>
                                <line number="24" hits="1" branch="false"/>
                                <line number="26" hits="1" branch="false"/>
                            </lines>
</method>
                        <method 
                        name="com.sksamuel.scoverage.samples/Futures/insert" signature="()V" line-rate="1.00" branch-rate="1.00" complexity="0">
                            <lines>
                                <line number="18" hits="1" branch="false"/>
                                <line number="15" hits="1" branch="false"/>
                                <line number="12" hits="1" branch="false"/>
                            </lines>
</method>
                    </methods>
                    <lines>
                        <line number="25" hits="0" branch="false"/>
                        <line number="18" hits="1" branch="false"/>
                        <line number="15" hits="1" branch="false"/>
                        <line number="24" hits="1" branch="false"/>
                        <line number="26" hits="1" branch="false"/>
                        <line number="12" hits="1" branch="false"/>
                        <line number="21" hits="1" branch="false"/>
                    </lines>
</class>
            </classes>
        </package>
        <package name="com.sksamuel.scoverage.samples.ignored" line-rate="0.00" branch-rate="0.00" complexity="0">
            <classes>
                <class 
                name="com.sksamuel.scoverage.samples.ignored.IgnoredObject" filename="com/sksamuel/scoverage/samples/ignored/IgnoredObject.scala" line-rate="0.00" branch-rate="0.00" complexity="0">
                    <methods>
                        <method 
                        name="com.sksamuel.scoverage.samples.ignored/IgnoredObject/test" signature="()V" line-rate="0.00" branch-rate="0.00" complexity="0">
                            <lines>
                                <line number="5" hits="0" branch="false"/>
                            </lines>
</method>
                    </methods>
                    <lines>
                        <line number="5" hits="0" branch="false"/>
                    </lines>
</class>
            </classes>
        </package>
        <package name="subpackage2.validators" line-rate="1.00" branch-rate="1.00" complexity="0">
            <classes>
                <class 
                name="subpackage2.validators.OrderValidator" filename="com/sksamuel/scoverage/samples/domain.scala" line-rate="1.00" branch-rate="1.00" complexity="0">
                    <methods>
                        <method 
                        name="subpackage2.validators/OrderValidator/validate" signature="()V" line-rate="1.00" branch-rate="1.00" complexity="0">
                            <lines>
                                <line number="33" hits="1" branch="false"/>
                            </lines>
</method>
                    </methods>
                    <lines>
                        <line number="33" hits="1" branch="false"/>
                    </lines>
</class>
            </classes>
        </package>
    </packages>
</coverage>
